Microsoft (R) Macro Assembler Version 6.14.8444		    04/03/23 21:38:47
2-2.asm							     Page 1 - 1


				include console.inc
			      C .NOLIST
			      C .LIST
			      C ; Исключение из списка служебных слов
			      C option NoKeyWord: <c name str>
			      C 
			      C 
			      C 
			      C ;include masm32.inc
			      C 
			      C    includelib masm32.lib
			      C    includelib user32.lib
			      C    includelib kernel32.lib
			      C    includelib msvcrt.lib
			      C    includelib io_proc.lib
			      C    
			      C 

 00000019			.data
 00000019 20 C3 EE F0 E8	T   db " Горина Елизавета (группа 112) "  
	   ED E0 20 C5 EB
	   E8 E7 E0 E2 E5
	   F2 E0 20 28 E3
	   F0 F3 EF EF E0
	   20 31 31 32 29
	   20
 00000038  20 C7 E0 E4 E0	    db " Задача_2 (блок_2) 'Зачёт с оценкой' ",0   
	   F7 E0 5F 32 20
	   28 E1 EB EE EA
	   5F 32 29 20 27
	   C7 E0 F7 B8 F2
	   20 F1 20 EE F6
	   E5 ED EA EE E9
	   27 20 00
 0000005E ED E5 F3 E4 00	z2  db 'неуд',0
 00000063 F3 E4 EE E2 EB	z3  db 'удовл',0
	   00
 00000069 F5 EE F0 EE F8	z4  db 'хорошо',0
	   EE 00
 00000070 EE F2 EB E8 F7	z5  db 'отлично',0 
	   ED EE 00
 00000078 0000005E R		adr dd z2,z3,z4,z5
	   00000063 R
	   00000069 R
	   00000070 R

 00000000			.code
 00000000			Start:
				    ConsoleTitle offset T 
				    inintln EBX, 'Введите целое число от 2 до 5: '
 000000BD  8B 1C 9D		    mov EBX, adr[EBX*4-2*4]
	   00000070 R
				    outstrln EBX                  
				    pause                 
				    exit               
				end Start
Microsoft (R) Macro Assembler Version 6.14.8444		    04/03/23 21:38:47
2-2.asm							     Symbols 2 - 1




Macros:

                N a m e                 Type

??CheckStrToBuf  . . . . . . . .	Proc
??FindESP  . . . . . . . . . . .	Proc
??RestoreReg . . . . . . . . . .	Proc
??SaveReg  . . . . . . . . . . .	Proc
@GetCommandLine  . . . . . . . .	Func
@Random  . . . . . . . . . . . .	Func
@inchar  . . . . . . . . . . . .	Func
@inintln . . . . . . . . . . . .	Func
@inint . . . . . . . . . . . . .	Func
@readkey . . . . . . . . . . . .	Func
ChagePageAttr  . . . . . . . . .	Proc
ClrScr . . . . . . . . . . . . .	Proc
ConsoleMode  . . . . . . . . . .	Proc
ConsoleTitle . . . . . . . . . .	Proc
DOS  . . . . . . . . . . . . . .	Func
DownloadFile . . . . . . . . . .	Proc
GetConsoleTitle  . . . . . . . .	Proc
HeapBlockSize  . . . . . . . . .	Proc
InputStr . . . . . . . . . . . .	Proc
MsgBox . . . . . . . . . . . . .	Proc
NewConsole . . . . . . . . . . .	Proc
OpenFile . . . . . . . . . . . .	Proc
OutFlags . . . . . . . . . . . .	Proc
Randomize  . . . . . . . . . . .	Proc
RunExe . . . . . . . . . . . . .	Proc
SetScreenSize  . . . . . . . . .	Proc
SetTextAttr  . . . . . . . . . .	Proc
TotalHeapAllocated . . . . . . .	Proc
WhereX . . . . . . . . . . . . .	Proc
WhereY . . . . . . . . . . . . .	Proc
dispose  . . . . . . . . . . . .	Proc
exit . . . . . . . . . . . . . .	Proc
flush  . . . . . . . . . . . . .	Proc
gotoXY . . . . . . . . . . . . .	Proc
inchar . . . . . . . . . . . . .	Proc
inintln  . . . . . . . . . . . .	Proc
inint  . . . . . . . . . . . . .	Proc
newline  . . . . . . . . . . . .	Proc
new  . . . . . . . . . . . . . .	Proc
outcharln  . . . . . . . . . . .	Proc
outchar  . . . . . . . . . . . .	Proc
outdateln  . . . . . . . . . . .	Proc
outdate  . . . . . . . . . . . .	Proc
outintln . . . . . . . . . . . .	Proc
outint . . . . . . . . . . . . .	Proc
outnumln . . . . . . . . . . . .	Proc
outnum . . . . . . . . . . . . .	Proc
outstrln . . . . . . . . . . . .	Proc
outstr . . . . . . . . . . . . .	Proc
outtimeln  . . . . . . . . . . .	Proc
outtime  . . . . . . . . . . . .	Proc
outwordln  . . . . . . . . . . .	Proc
outword  . . . . . . . . . . . .	Proc
pause  . . . . . . . . . . . . .	Proc
readkey  . . . . . . . . . . . .	Proc


Structures and Unions:

                N a m e                  Size
                                         Offset      Type

CONSOLE_SCREEN_BUFFER_INFO . . .	 00000016
  dwSize . . . . . . . . . . . .	 00000000	 DWord
  dwCursorPosition . . . . . . .	 00000004	 DWord
  wAttributes  . . . . . . . . .	 00000008	 Word
  srWindow . . . . . . . . . . .	 0000000A	 QWord
  dwMaximumWindowSize  . . . . .	 00000012	 DWord
COORD  . . . . . . . . . . . . .	 00000004
  x  . . . . . . . . . . . . . .	 00000000	 Word
  y  . . . . . . . . . . . . . .	 00000002	 Word
SMALL_RECT . . . . . . . . . . .	 00000008
  Left . . . . . . . . . . . . .	 00000000	 Word
  Top  . . . . . . . . . . . . .	 00000002	 Word
  Right  . . . . . . . . . . . .	 00000004	 Word
  Bottom . . . . . . . . . . . .	 00000006	 Word
SystemTime . . . . . . . . . . .	 00000010
  wYear  . . . . . . . . . . . .	 00000000	 Word
  wMonth . . . . . . . . . . . .	 00000002	 Word
  wDayOfWeek . . . . . . . . . .	 00000004	 Word
  wDay . . . . . . . . . . . . .	 00000006	 Word
  wHour  . . . . . . . . . . . .	 00000008	 Word
  wMinute  . . . . . . . . . . .	 0000000A	 Word
  wSecond  . . . . . . . . . . .	 0000000C	 Word
  wMilliseconds  . . . . . . . .	 0000000E	 Word


Types:

                N a m e                  Size     Attr

c_msvcrt . . . . . . . . . . . .	 00000004     CODE 


Segments and Groups:

                N a m e                 Size     Length   Align   Combine Class

FLAT . . . . . . . . . . . . . .	GROUP
STACK  . . . . . . . . . . . . .	32 Bit	 00001000 Para	  Stack	  'STACK'	 
_DATA  . . . . . . . . . . . . .	32 Bit	 00000578 Para	  Public  'DATA'	
_TEXT  . . . . . . . . . . . . .	32 Bit	 0000020D Para	  Public  'CODE'	


Procedures,  parameters and locals:

                N a m e                 Type     Value    Attr

CharToOemA . . . . . . . . . . .	P Near	 00000000 FLAT	Length= 00000000 External STDCALL
ClearScreen  . . . . . . . . . .	P Near	 00000000 FLAT	Length= 00000000 External STDCALL
CloseHandle  . . . . . . . . . .	P Near	 00000000 FLAT	Length= 00000000 External STDCALL
CreateFileA  . . . . . . . . . .	P Near	 00000000 FLAT	Length= 00000000 External STDCALL
ExitProcess  . . . . . . . . . .	P Near	 00000000 FLAT	Length= 00000000 External STDCALL
GetCommandLineA  . . . . . . . .	P Near	 00000000 FLAT	Length= 00000000 External STDCALL
GetConsoleScreenBufferInfo . . .	P Near	 00000000 FLAT	Length= 00000000 External STDCALL
GetConsoleTitleA . . . . . . . .	P Near	 00000000 FLAT	Length= 00000000 External STDCALL
GetModuleHandleA . . . . . . . .	P Near	 00000000 FLAT	Length= 00000000 External STDCALL
GetStdHandle . . . . . . . . . .	P Near	 00000000 FLAT	Length= 00000000 External STDCALL
GetSystemMetrics . . . . . . . .	P Near	 00000000 FLAT	Length= 00000000 External STDCALL
GetSystemTime  . . . . . . . . .	P Near	 00000000 FLAT	Length= 00000000 External STDCALL
GetTickCount . . . . . . . . . .	P Near	 00000000 FLAT	Length= 00000000 External STDCALL
GlobalAlloc  . . . . . . . . . .	P Near	 00000000 FLAT	Length= 00000000 External STDCALL
GlobalFree . . . . . . . . . . .	P Near	 00000000 FLAT	Length= 00000000 External STDCALL
GlobalSize . . . . . . . . . . .	P Near	 00000000 FLAT	Length= 00000000 External STDCALL
InternetGetConnectedState  . . .	P Near	 00000000 FLAT	Length= 00000000 External STDCALL
MessageBoxA  . . . . . . . . . .	P Near	 00000000 FLAT	Length= 00000000 External STDCALL
MessageBoxIndirectA  . . . . . .	P Near	 00000000 FLAT	Length= 00000000 External STDCALL
SetConsoleCtrlHandler  . . . . .	P Near	 00000000 FLAT	Length= 00000000 External STDCALL
SetConsoleCursorPosition . . . .	P Near	 00000000 FLAT	Length= 00000000 External STDCALL
SetConsoleScreenBufferSize . . .	P Near	 00000000 FLAT	Length= 00000000 External STDCALL
SetConsoleTextAttribute  . . . .	P Near	 00000000 FLAT	Length= 00000000 External STDCALL
SetConsoleTitleA . . . . . . . .	P Near	 00000000 FLAT	Length= 00000000 External STDCALL
Sleep  . . . . . . . . . . . . .	P Near	 00000000 FLAT	Length= 00000000 External STDCALL
StdIn  . . . . . . . . . . . . .	P Near	 00000000 FLAT	Length= 00000000 External STDCALL
StdOut . . . . . . . . . . . . .	P Near	 00000000 FLAT	Length= 00000000 External STDCALL
URLDownloadToFileA . . . . . . .	P Near	 00000000 FLAT	Length= 00000000 External STDCALL
VirtualProtect . . . . . . . . .	P Near	 00000000 FLAT	Length= 00000000 External STDCALL
nrandom  . . . . . . . . . . . .	P Near	 00000000 FLAT	Length= 00000000 External STDCALL
nseed  . . . . . . . . . . . . .	P Near	 00000000 FLAT	Length= 00000000 External STDCALL
shell_ex . . . . . . . . . . . .	P Near	 00000000 FLAT	Length= 00000000 External STDCALL
shell  . . . . . . . . . . . . .	P Near	 00000000 FLAT	Length= 00000000 External STDCALL
wait_key . . . . . . . . . . . .	P Near	 00000000 FLAT	Length= 00000000 External STDCALL


Symbols:

                N a m e                 Type     Value    Attr

??0000 . . . . . . . . . . . . .	Byte	 00000089 _DATA	
??0001 . . . . . . . . . . . . .	Text   	 o
??0002 . . . . . . . . . . . . .	Byte	 00000088 _DATA	
??0003 . . . . . . . . . . . . .	L Near	 00000012 _TEXT	
??0004 . . . . . . . . . . . . .	L Near	 00000048 _TEXT	
??0005 . . . . . . . . . . . . .	Number	 00000004h   
??0006 . . . . . . . . . . . . .	DWord	 000001B5 _DATA	
??0007 . . . . . . . . . . . . .	Byte	 000001DA _DATA	
??0008 . . . . . . . . . . . . .	Byte	 000001BA _DATA	
??0009 . . . . . . . . . . . . .	Text   	 "
??000A . . . . . . . . . . . . .	Byte	 000001B9 _DATA	
??000C . . . . . . . . . . . . .	L Near	 0000007D _TEXT	
??000D . . . . . . . . . . . . .	Byte	 000001DD _DATA	
??000E . . . . . . . . . . . . .	L Near	 000000A3 _TEXT	
??000F . . . . . . . . . . . . .	Byte	 0000030B _DATA	
??0010 . . . . . . . . . . . . .	Byte	 000001DF _DATA	
??0011 . . . . . . . . . . . . .	Text   	 E
??0012 . . . . . . . . . . . . .	Byte	 000001DE _DATA	
??0013 . . . . . . . . . . . . .	L Near	 000000D3 _TEXT	
??0014 . . . . . . . . . . . . .	L Near	 00000109 _TEXT	
??0015 . . . . . . . . . . . . .	Byte	 0000030E _DATA	
??0016 . . . . . . . . . . . . .	Number	 00000000h   
??0017 . . . . . . . . . . . . .	Byte	 00000311 _DATA	
??0019 . . . . . . . . . . . . .	Byte	 00000440 _DATA	
??001A . . . . . . . . . . . . .	Byte	 00000314 _DATA	
??001B . . . . . . . . . . . . .	Text   	 o
??001C . . . . . . . . . . . . .	Byte	 00000313 _DATA	
??001D . . . . . . . . . . . . .	L Near	 0000013B _TEXT	
??001E . . . . . . . . . . . . .	L Near	 00000171 _TEXT	
??001F . . . . . . . . . . . . .	Byte	 00000443 _DATA	
??0020 . . . . . . . . . . . . .	Number	 00000000h   
??0021 . . . . . . . . . . . . .	Byte	 00000446 _DATA	
??0023 . . . . . . . . . . . . .	Byte	 00000575 _DATA	
??0024 . . . . . . . . . . . . .	Byte	 00000449 _DATA	
??0025 . . . . . . . . . . . . .	Text   	 o
??0026 . . . . . . . . . . . . .	Byte	 00000448 _DATA	
??0027 . . . . . . . . . . . . .	L Near	 000001B4 _TEXT	
??0028 . . . . . . . . . . . . .	L Near	 000001EA _TEXT	
??CommonHeapElemSize . . . . . .	DWord	 00000004 _DATA	
??ConsoleMode  . . . . . . . . .	Byte	 00000008 _DATA	
??TotalHeapAllocated . . . . . .	DWord	 00000000 _DATA	
??sTime  . . . . . . . . . . . .	SystemTime  00000009 _DATA	
@CodeSize  . . . . . . . . . . .	Number	 00000000h   
@DOS . . . . . . . . . . . . . .	Text   	 DOS
@DataSize  . . . . . . . . . . .	Number	 00000000h   
@INCHAR  . . . . . . . . . . . .	Text   	 @inchar
@ININTLN . . . . . . . . . . . .	Text   	 @inintln
@ININT . . . . . . . . . . . . .	Text   	 @inint
@InChar  . . . . . . . . . . . .	Text   	 @inchar
@InInt . . . . . . . . . . . . .	Text   	 @inint
@Inchar  . . . . . . . . . . . .	Text   	 @inchar
@InintLn . . . . . . . . . . . .	Text   	 @inintln
@Inintln . . . . . . . . . . . .	Text   	 @inintln
@Inint . . . . . . . . . . . . .	Text   	 @inint
@Interface . . . . . . . . . . .	Number	 00000003h   
@Model . . . . . . . . . . . . .	Number	 00000007h   
@READKEY . . . . . . . . . . . .	Text   	 @readkey
@ReadKey . . . . . . . . . . . .	Text   	 @readkey
@code  . . . . . . . . . . . . .	Text   	 _TEXT
@data  . . . . . . . . . . . . .	Text   	 FLAT
@dos . . . . . . . . . . . . . .	Text   	 DOS
@fardata?  . . . . . . . . . . .	Text   	 FLAT
@fardata . . . . . . . . . . . .	Text   	 FLAT
@random  . . . . . . . . . . . .	Text   	 @Random
@stack . . . . . . . . . . . . .	Text   	 FLAT
AllocConsole@0 . . . . . . . . .	L Near	 00000000 FLAT	External STDCALL
Black  . . . . . . . . . . . . .	Number	 00000000h   
Blue . . . . . . . . . . . . . .	Number	 00000001h   
Bright . . . . . . . . . . . . .	Number	 00000008h   
Brown  . . . . . . . . . . . . .	Number	 00000006h   
CLRSCR . . . . . . . . . . . . .	Text   	 ClrScr
CREATE_ALWAYS  . . . . . . . . .	Number	 00000002h   
CREATE_NEW . . . . . . . . . . .	Number	 00000001h   
CharToOem  . . . . . . . . . . .	Text   	 CharToOemA
Cls  . . . . . . . . . . . . . .	Text   	 ClrScr
CreateFile . . . . . . . . . . .	Text   	 CreateFileA
Cyan . . . . . . . . . . . . . .	Number	 00000003h   
DISPOSE  . . . . . . . . . . . .	Text   	 dispose
DarkGray . . . . . . . . . . . .	Number	 00000008h   
Dispose  . . . . . . . . . . . .	Text   	 dispose
EXIT . . . . . . . . . . . . . .	Text   	 exit
Exit . . . . . . . . . . . . . .	Text   	 exit
FILE_ATTRIBUTE_ARCHIVE . . . . .	Number	 00000020h   
FILE_ATTRIBUTE_COMPRESSED  . . .	Number	 00000800h   
FILE_ATTRIBUTE_DIRECTORY . . . .	Number	 00000010h   
FILE_ATTRIBUTE_HIDDEN  . . . . .	Number	 00000002h   
FILE_ATTRIBUTE_NORMAL  . . . . .	Number	 00000080h   
FILE_ATTRIBUTE_READONLY  . . . .	Number	 00000001h   
FILE_ATTRIBUTE_SYSTEM  . . . . .	Number	 00000004h   
FILE_ATTRIBUTE_TEMPORARY . . . .	Number	 00000100h   
FLUSH  . . . . . . . . . . . . .	Text   	 flush
Flush  . . . . . . . . . . . . .	Text   	 flush
FreeConsole@0  . . . . . . . . .	L Near	 00000000 FLAT	External STDCALL
GENERIC_ALL  . . . . . . . . . .	Number	 10000000h   
GENERIC_EXECUTE  . . . . . . . .	Number	 20000000h   
GENERIC_READ . . . . . . . . . .	Number	 -80000000h   
GENERIC_WRITE  . . . . . . . . .	Number	 40000000h   
GMEM_FIXED . . . . . . . . . . .	Number	 00000000h   
GMEM_ZEROINIT  . . . . . . . . .	Number	 00000040h   
GOTOXY . . . . . . . . . . . . .	Text   	 gotoXY
GetModuleHandle  . . . . . . . .	Text   	 GetModuleHandleA
GotoXY . . . . . . . . . . . . .	Text   	 gotoXY
Green  . . . . . . . . . . . . .	Number	 00000002h   
IDABORT  . . . . . . . . . . . .	Number	 00000003h   
IDCANCEL . . . . . . . . . . . .	Number	 00000002h   
IDIGNORE . . . . . . . . . . . .	Number	 00000005h   
IDNO . . . . . . . . . . . . . .	Number	 00000007h   
IDOK . . . . . . . . . . . . . .	Number	 00000001h   
IDRETRY  . . . . . . . . . . . .	Number	 00000004h   
IDYES  . . . . . . . . . . . . .	Number	 00000006h   
INCHAR . . . . . . . . . . . . .	Text   	 inchar
ININTLN  . . . . . . . . . . . .	Text   	 inintln
ININT  . . . . . . . . . . . . .	Text   	 inint
INPUTSTR . . . . . . . . . . . .	Text   	 InputStr
InChar . . . . . . . . . . . . .	Text   	 inchar
InInt  . . . . . . . . . . . . .	Text   	 inint
Inchar . . . . . . . . . . . . .	Text   	 inchar
InintLn  . . . . . . . . . . . .	Text   	 inintln
Inintln  . . . . . . . . . . . .	Text   	 inintln
Inint  . . . . . . . . . . . . .	Text   	 inint
LANG_NEUTRAL . . . . . . . . . .	Number	 00000000h   
LightBlue  . . . . . . . . . . .	Number	 00000009h   
LightGray  . . . . . . . . . . .	Number	 00000007h   
LightGreen . . . . . . . . . . .	Number	 0000000Ah   
LightMagenta . . . . . . . . . .	Number	 0000000Dh   
LightRed . . . . . . . . . . . .	Number	 0000000Ch   
MB_ABORTRETRYIGNORE  . . . . . .	Number	 00000002h   
MB_CANCELTRYCONTINUE . . . . . .	Number	 00000006h   
MB_DEFBUTTON1  . . . . . . . . .	Number	 00000000h   
MB_DEFBUTTON2  . . . . . . . . .	Number	 00000100h   
MB_DEFBUTTON3  . . . . . . . . .	Number	 00000200h   
MB_DEFBUTTON4  . . . . . . . . .	Number	 00000300h   
MB_HELP  . . . . . . . . . . . .	Number	 00004000h   
MB_ICONASTERISK  . . . . . . . .	Number	 00000040h   
MB_ICONEXCLAMATION . . . . . . .	Number	 00000030h   
MB_ICONHAND  . . . . . . . . . .	Number	 00000008h   
MB_ICONQUESTION  . . . . . . . .	Number	 00000020h   
MB_ICONSTOP  . . . . . . . . . .	Number	 00000010h   
MB_OKCANCEL  . . . . . . . . . .	Number	 00000001h   
MB_OK  . . . . . . . . . . . . .	Number	 00000000h   
MB_RETRYCANCEL . . . . . . . . .	Number	 00000005h   
MB_RIGHT . . . . . . . . . . . .	Number	 00080000h   
MB_SYSTEMMODAL . . . . . . . . .	Number	 00001000h   
MB_USERICON  . . . . . . . . . .	Number	 00000080h   
MB_YESNOCANCEL . . . . . . . . .	Number	 00000003h   
MB_YESNO . . . . . . . . . . . .	Number	 00000004h   
MSGBOX . . . . . . . . . . . . .	Text   	 MsgBox
Magenta  . . . . . . . . . . . .	Number	 00000005h   
MessageBoxIndirect . . . . . . .	Text   	 MessageBoxIndirectA
MessageBox . . . . . . . . . . .	Text   	 MessageBoxA
NEWLINE  . . . . . . . . . . . .	Text   	 newline
NEW  . . . . . . . . . . . . . .	Text   	 new
NULL . . . . . . . . . . . . . .	Number	 00000000h   
NewLine  . . . . . . . . . . . .	Text   	 newline
Newline  . . . . . . . . . . . .	Text   	 newline
New  . . . . . . . . . . . . . .	Text   	 new
OPEN_ALWAYS  . . . . . . . . . .	Number	 00000004h   
OPEN_EXISTING  . . . . . . . . .	Number	 00000003h   
OUTCHARLN  . . . . . . . . . . .	Text   	 outcharln
OUTCHAR  . . . . . . . . . . . .	Text   	 outchar
OUTCH  . . . . . . . . . . . . .	Text   	 outchar
OUTCLN . . . . . . . . . . . . .	Text   	 outcharln
OUTDATELN  . . . . . . . . . . .	Text   	 outdateln
OUTDATE  . . . . . . . . . . . .	Text   	 outdate
OUTINTLN . . . . . . . . . . . .	Text   	 outintln
OUTINT . . . . . . . . . . . . .	Text   	 outint
OUTI . . . . . . . . . . . . . .	Text   	 outint
OUTSTRLN . . . . . . . . . . . .	Text   	 outstrln
OUTSTR . . . . . . . . . . . . .	Text   	 outstr
OUTTIMELN  . . . . . . . . . . .	Text   	 outtimeln
OUTTIME  . . . . . . . . . . . .	Text   	 outtime
OUTU . . . . . . . . . . . . . .	Text   	 outword
OUTWORDLN  . . . . . . . . . . .	Text   	 outwordln
OUTWORD  . . . . . . . . . . . .	Text   	 outword
OutCharLn  . . . . . . . . . . .	Text   	 outcharln
OutCharln  . . . . . . . . . . .	Text   	 outcharln
OutChar  . . . . . . . . . . . .	Text   	 outchar
OutDateLn  . . . . . . . . . . .	Text   	 outdateln
OutDateln  . . . . . . . . . . .	Text   	 outdateln
OutDate  . . . . . . . . . . . .	Text   	 outdate
OutILn . . . . . . . . . . . . .	Text   	 outintln
OutIln . . . . . . . . . . . . .	Text   	 outintln
OutIntLn . . . . . . . . . . . .	Text   	 outintln
OutInt . . . . . . . . . . . . .	Text   	 outint
OutI . . . . . . . . . . . . . .	Text   	 outint
OutNumLn . . . . . . . . . . . .	Text   	 outnumln
OutNumln . . . . . . . . . . . .	Text   	 outnumln
OutNum . . . . . . . . . . . . .	Text   	 outnum
OutStrLn . . . . . . . . . . . .	Text   	 outstrln
OutStr . . . . . . . . . . . . .	Text   	 outstr
OutTimeLn  . . . . . . . . . . .	Text   	 outtimeln
OutTimeln  . . . . . . . . . . .	Text   	 outtimeln
OutTime  . . . . . . . . . . . .	Text   	 outtime
OutULn . . . . . . . . . . . . .	Text   	 outwordln
OutUln . . . . . . . . . . . . .	Text   	 outwordln
OutUnsignedLn  . . . . . . . . .	Text   	 outwordln
OutUnsignedln  . . . . . . . . .	Text   	 outwordln
OutUnsigned  . . . . . . . . . .	Text   	 outword
OutU . . . . . . . . . . . . . .	Text   	 outword
OutWordLn  . . . . . . . . . . .	Text   	 outwordln
OutWord  . . . . . . . . . . . .	Text   	 outword
OutintLn . . . . . . . . . . . .	Text   	 outintln
Outintln . . . . . . . . . . . .	Text   	 outintln
Outint . . . . . . . . . . . . .	Text   	 outint
OutstrLn . . . . . . . . . . . .	Text   	 outstrln
OutwordLn  . . . . . . . . . . .	Text   	 outwordln
Outword  . . . . . . . . . . . .	Text   	 outword
PAGE_EXECUTE_READWRITE . . . . .	Number	 00000040h   
PAGE_EXECUTE_READ  . . . . . . .	Number	 00000020h   
PAGE_EXECUTE_WRITECOPY . . . . .	Number	 00000080h   
PAGE_EXECUTE . . . . . . . . . .	Number	 00000010h   
PAGE_NOACCESS  . . . . . . . . .	Number	 00000001h   
PAGE_READONLY  . . . . . . . . .	Number	 00000002h   
PAGE_READWRITE . . . . . . . . .	Number	 00000004h   
PAGE_WRITECOPY . . . . . . . . .	Number	 00000008h   
PAUSE  . . . . . . . . . . . . .	Text   	 pause
Pause  . . . . . . . . . . . . .	Text   	 pause
READKEY  . . . . . . . . . . . .	Text   	 readkey
ReadKey  . . . . . . . . . . . .	Text   	 readkey
Red  . . . . . . . . . . . . . .	Number	 00000004h   
STD_ERROR_HANDLE . . . . . . . .	Number	 -0000000Ch   
STD_INPUT_HANDLE . . . . . . . .	Number	 -0000000Ah   
STD_OUTPUT_HANDLE  . . . . . . .	Number	 -0000000Bh   
SetConsoleTitle  . . . . . . . .	Text   	 SetConsoleTitleA
Start  . . . . . . . . . . . . .	L Near	 00000000 _TEXT	Public STDCALL
TRUNCATE_EXISTING  . . . . . . .	Number	 00000005h   
T  . . . . . . . . . . . . . . .	Byte	 00000019 _DATA	
URLDownloadToFile  . . . . . . .	Text   	 URLDownloadToFileA
White  . . . . . . . . . . . . .	Number	 0000000Fh   
Yellow . . . . . . . . . . . . .	Number	 0000000Eh   
_imp___exit  . . . . . . . . . .	DWord	 00000000 FLAT	External STDCALL
_imp__printf . . . . . . . . . .	DWord	 00000000 FLAT	External STDCALL
_imp__sprintf  . . . . . . . . .	DWord	 00000000 FLAT	External STDCALL
adr  . . . . . . . . . . . . . .	DWord	 00000078 _DATA	
black  . . . . . . . . . . . . .	Number	 00000000h   
blue . . . . . . . . . . . . . .	Number	 00000001h   
bright . . . . . . . . . . . . .	Number	 00000008h   
brown  . . . . . . . . . . . . .	Number	 00000006h   
clrscr . . . . . . . . . . . . .	Text   	 ClrScr
crt__exit  . . . . . . . . . . .	Text   	 _imp___exit
crt_printf . . . . . . . . . . .	Text   	 _imp__printf
crt_sprintf  . . . . . . . . . .	Text   	 _imp__sprintf
cyan . . . . . . . . . . . . . .	Number	 00000003h   
darkgray . . . . . . . . . . . .	Number	 00000008h   
dos  . . . . . . . . . . . . . .	Text   	 DOS
downloadfile . . . . . . . . . .	Text   	 DownloadFile
gotoxy . . . . . . . . . . . . .	Text   	 gotoXY
green  . . . . . . . . . . . . .	Number	 00000002h   
heapblocksize  . . . . . . . . .	Text   	 HeapBlockSize
inint_proc@0 . . . . . . . . . .	L Near	 00000000 FLAT	External STDCALL
inputstr . . . . . . . . . . . .	Text   	 InputStr
lightblue  . . . . . . . . . . .	Number	 00000009h   
lightgray  . . . . . . . . . . .	Number	 00000007h   
lightgreen . . . . . . . . . . .	Number	 0000000Ah   
lightmagenta . . . . . . . . . .	Number	 0000000Dh   
lightred . . . . . . . . . . . .	Number	 0000000Ch   
magenta  . . . . . . . . . . . .	Number	 00000005h   
msgbox . . . . . . . . . . . . .	Text   	 MsgBox
nil  . . . . . . . . . . . . . .	DWord 	 00000000h   
outch  . . . . . . . . . . . . .	Text   	 outchar
outintLn . . . . . . . . . . . .	Text   	 outintln
outi . . . . . . . . . . . . . .	Text   	 outint
outu . . . . . . . . . . . . . .	Text   	 outword
outwordLn  . . . . . . . . . . .	Text   	 outwordln
randomize  . . . . . . . . . . .	Text   	 Randomize
red  . . . . . . . . . . . . . .	Number	 00000004h   
settextattr  . . . . . . . . . .	Text   	 SetTextAttr
whereX . . . . . . . . . . . . .	Text   	 WhereX
whereY . . . . . . . . . . . . .	Text   	 WhereY
wherex . . . . . . . . . . . . .	Text   	 WhereX
wherey . . . . . . . . . . . . .	Text   	 WhereY
white  . . . . . . . . . . . . .	Number	 0000000Fh   
yellow . . . . . . . . . . . . .	Number	 0000000Eh   
z2 . . . . . . . . . . . . . . .	Byte	 0000005E _DATA	
z3 . . . . . . . . . . . . . . .	Byte	 00000063 _DATA	
z4 . . . . . . . . . . . . . . .	Byte	 00000069 _DATA	
z5 . . . . . . . . . . . . . . .	Byte	 00000070 _DATA	

	   0 Warnings
	   0 Errors
